{
  "0 debug pnpm:scope": {
    "selected": 1,
    "workspacePrefix": "/Users/will/Code/situ/frontend"
  },
  "1 error pnpm": {
    "errno": 1,
    "code": "ELIFECYCLE",
    "pkgid": "@",
    "stage": "watch",
    "script": "pnpm run --parallel --no-bail -r build -w",
    "err": {
      "name": "pnpm",
      "message": "@ watch: `pnpm run --parallel --no-bail -r build -w`\nExit status 1",
      "code": "ELIFECYCLE",
      "stack": "pnpm: @ watch: `pnpm run --parallel --no-bail -r build -w`\nExit status 1\n    at EventEmitter.<anonymous> (/Users/will/Library/pnpm/global/5/.pnpm/pnpm@7.1.0/node_modules/pnpm/dist/pnpm.cjs:106886:20)\n    at EventEmitter.emit (node:events:527:28)\n    at ChildProcess.<anonymous> (/Users/will/Library/pnpm/global/5/.pnpm/pnpm@7.1.0/node_modules/pnpm/dist/pnpm.cjs:93455:18)\n    at ChildProcess.emit (node:events:527:28)\n    at maybeClose (node:internal/child_process:1092:16)\n    at Process.ChildProcess._handle.onexit (node:internal/child_process:302:5)"
    }
  },
  "2 warn pnpm:global": " Local package.json exists, but node_modules missing, did you mean to install?"
}